<?xml version="1.0" encoding="UTF-8"?>
<testsuite name="com.gamq.ambiente.AmbienteApplicationTests" tests="1" skipped="0" failures="0" errors="0" timestamp="2025-08-18T18:11:52.687Z" hostname="LAPTOP-48M5EHMJ" time="0.21">
  <properties/>
  <testcase name="contextLoads()" classname="com.gamq.ambiente.AmbienteApplicationTests" time="0.21"/>
  <system-out><![CDATA[14:11:41.846 [Test worker] DEBUG org.springframework.test.context.BootstrapUtils - Instantiating CacheAwareContextLoaderDelegate from class [org.springframework.test.context.cache.DefaultCacheAwareContextLoaderDelegate]
14:11:41.864 [Test worker] DEBUG org.springframework.test.context.BootstrapUtils - Instantiating BootstrapContext using constructor [public org.springframework.test.context.support.DefaultBootstrapContext(java.lang.Class,org.springframework.test.context.CacheAwareContextLoaderDelegate)]
14:11:41.912 [Test worker] DEBUG org.springframework.test.context.BootstrapUtils - Instantiating TestContextBootstrapper for test class [com.gamq.ambiente.AmbienteApplicationTests] from class [org.springframework.boot.test.context.SpringBootTestContextBootstrapper]
14:11:41.929 [Test worker] INFO org.springframework.boot.test.context.SpringBootTestContextBootstrapper - Neither @ContextConfiguration nor @ContextHierarchy found for test class [com.gamq.ambiente.AmbienteApplicationTests], using SpringBootContextLoader
14:11:41.934 [Test worker] DEBUG org.springframework.test.context.support.AbstractContextLoader - Did not detect default resource location for test class [com.gamq.ambiente.AmbienteApplicationTests]: class path resource [com/gamq/ambiente/AmbienteApplicationTests-context.xml] does not exist
14:11:41.934 [Test worker] DEBUG org.springframework.test.context.support.AbstractContextLoader - Did not detect default resource location for test class [com.gamq.ambiente.AmbienteApplicationTests]: class path resource [com/gamq/ambiente/AmbienteApplicationTestsContext.groovy] does not exist
14:11:41.936 [Test worker] INFO org.springframework.test.context.support.AbstractContextLoader - Could not detect default resource locations for test class [com.gamq.ambiente.AmbienteApplicationTests]: no resource found for suffixes {-context.xml, Context.groovy}.
14:11:41.936 [Test worker] INFO org.springframework.test.context.support.AnnotationConfigContextLoaderUtils - Could not detect default configuration classes for test class [com.gamq.ambiente.AmbienteApplicationTests]: AmbienteApplicationTests does not declare any static, non-private, non-final, nested classes annotated with @Configuration.
14:11:42.014 [Test worker] DEBUG org.springframework.test.context.support.ActiveProfilesUtils - Could not find an 'annotation declaring class' for annotation type [org.springframework.test.context.ActiveProfiles] and class [com.gamq.ambiente.AmbienteApplicationTests]
14:11:42.120 [Test worker] DEBUG org.springframework.context.annotation.ClassPathScanningCandidateComponentProvider - Identified candidate component class: file [D:\GAMQ PROJECTS\gamq-provegaq\provegaq-be\build\classes\java\main\com\gamq\ambiente\AmbienteApplication.class]
14:11:42.122 [Test worker] INFO org.springframework.boot.test.context.SpringBootTestContextBootstrapper - Found @SpringBootConfiguration com.gamq.ambiente.AmbienteApplication for test class com.gamq.ambiente.AmbienteApplicationTests
14:11:42.277 [Test worker] DEBUG org.springframework.boot.test.context.SpringBootTestContextBootstrapper - @TestExecutionListeners is not present for class [com.gamq.ambiente.AmbienteApplicationTests]: using defaults.
14:11:42.277 [Test worker] INFO org.springframework.boot.test.context.SpringBootTestContextBootstrapper - Loaded default TestExecutionListener class names from location [META-INF/spring.factories]: [org.springframework.boot.test.autoconfigure.restdocs.RestDocsTestExecutionListener, org.springframework.boot.test.autoconfigure.web.client.MockRestServiceServerResetTestExecutionListener, org.springframework.boot.test.autoconfigure.web.servlet.MockMvcPrintOnlyOnFailureTestExecutionListener, org.springframework.boot.test.autoconfigure.web.servlet.WebDriverTestExecutionListener, org.springframework.boot.test.autoconfigure.webservices.client.MockWebServiceServerTestExecutionListener, org.springframework.boot.test.mock.mockito.MockitoTestExecutionListener, org.springframework.boot.test.mock.mockito.ResetMocksTestExecutionListener, org.springframework.test.context.web.ServletTestExecutionListener, org.springframework.test.context.support.DirtiesContextBeforeModesTestExecutionListener, org.springframework.test.context.event.ApplicationEventsTestExecutionListener, org.springframework.test.context.support.DependencyInjectionTestExecutionListener, org.springframework.test.context.support.DirtiesContextTestExecutionListener, org.springframework.test.context.transaction.TransactionalTestExecutionListener, org.springframework.test.context.jdbc.SqlScriptsTestExecutionListener, org.springframework.test.context.event.EventPublishingTestExecutionListener]
14:11:42.304 [Test worker] INFO org.springframework.boot.test.context.SpringBootTestContextBootstrapper - Using TestExecutionListeners: [org.springframework.test.context.web.ServletTestExecutionListener@22c86919, org.springframework.test.context.support.DirtiesContextBeforeModesTestExecutionListener@70fab835, org.springframework.test.context.event.ApplicationEventsTestExecutionListener@1b0a7baf, org.springframework.boot.test.mock.mockito.MockitoTestExecutionListener@62417a16, org.springframework.boot.test.autoconfigure.SpringBootDependencyInjectionTestExecutionListener@32057e6, org.springframework.test.context.support.DirtiesContextTestExecutionListener@26be6ca7, org.springframework.test.context.transaction.TransactionalTestExecutionListener@6ea1bcdc, org.springframework.test.context.jdbc.SqlScriptsTestExecutionListener@759fad4, org.springframework.test.context.event.EventPublishingTestExecutionListener@64712be, org.springframework.boot.test.autoconfigure.restdocs.RestDocsTestExecutionListener@53499d85, org.springframework.boot.test.autoconfigure.web.client.MockRestServiceServerResetTestExecutionListener@30ed9c6c, org.springframework.boot.test.autoconfigure.web.servlet.MockMvcPrintOnlyOnFailureTestExecutionListener@782a4fff, org.springframework.boot.test.autoconfigure.web.servlet.WebDriverTestExecutionListener@46c670a6, org.springframework.boot.test.autoconfigure.webservices.client.MockWebServiceServerTestExecutionListener@59fc684e, org.springframework.boot.test.mock.mockito.ResetMocksTestExecutionListener@5ae81e1]
14:11:42.311 [Test worker] DEBUG org.springframework.test.context.support.AbstractDirtiesContextTestExecutionListener - Before test class: context [DefaultTestContext@4b21844c testClass = AmbienteApplicationTests, testInstance = [null], testMethod = [null], testException = [null], mergedContextConfiguration = [WebMergedContextConfiguration@1b28f282 testClass = AmbienteApplicationTests, locations = '{}', classes = '{class com.gamq.ambiente.AmbienteApplication}', contextInitializerClasses = '[]', activeProfiles = '{}', propertySourceLocations = '{}', propertySourceProperties = '{org.springframework.boot.test.context.SpringBootTestContextBootstrapper=true}', contextCustomizers = set[org.springframework.boot.test.autoconfigure.actuate.metrics.MetricsExportContextCustomizerFactory$DisableMetricExportContextCustomizer@1d730606, org.springframework.boot.test.autoconfigure.properties.PropertyMappingContextCustomizer@0, org.springframework.boot.test.autoconfigure.web.servlet.WebDriverContextCustomizerFactory$Customizer@1d470d0, org.springframework.boot.test.context.filter.ExcludeFilterContextCustomizer@2d1dee39, org.springframework.boot.test.json.DuplicateJsonObjectContextCustomizerFactory$DuplicateJsonObjectContextCustomizer@6ff65192, org.springframework.boot.test.mock.mockito.MockitoContextCustomizer@0, org.springframework.boot.test.web.client.TestRestTemplateContextCustomizer@615091b8, org.springframework.boot.test.context.SpringBootTestArgs@1, org.springframework.boot.test.context.SpringBootTestWebEnvironment@4b741d6d], resourceBasePath = 'src/main/webapp', contextLoader = 'org.springframework.boot.test.context.SpringBootContextLoader', parent = [null]], attributes = map['org.springframework.test.context.web.ServletTestExecutionListener.activateListener' -> true]], class annotated with @DirtiesContext [false] with mode [null].

  .   ____          _            __ _ _
 /\\ / ___'_ __ _ _(_)_ __  __ _ \ \ \ \
( ( )\___ | '_ | '_| | '_ \/ _` | \ \ \ \
 \\/  ___)| |_)| | | | | || (_| |  ) ) ) )
  '  |____| .__|_| |_|_| |_\__, | / / / /
 =========|_|==============|___/=/_/_/_/
 :: Spring Boot ::                (v2.6.9)

2025-08-18 14:11:42.786  INFO 10888 --- [    Test worker] c.g.ambiente.AmbienteApplicationTests    : Starting AmbienteApplicationTests using Java 17.0.15 on LAPTOP-48M5EHMJ with PID 10888 (started by LENOVO in D:\GAMQ PROJECTS\gamq-provegaq\provegaq-be)
2025-08-18 14:11:42.788  INFO 10888 --- [    Test worker] c.g.ambiente.AmbienteApplicationTests    : No active profile set, falling back to 1 default profile: "default"
2025-08-18 14:11:45.002  INFO 10888 --- [    Test worker] .s.d.r.c.RepositoryConfigurationDelegate : Bootstrapping Spring Data JPA repositories in DEFAULT mode.
2025-08-18 14:11:45.480  INFO 10888 --- [    Test worker] .s.d.r.c.RepositoryConfigurationDelegate : Finished Spring Data repository scanning in 449 ms. Found 31 JPA repository interfaces.
2025-08-18 14:11:46.146  INFO 10888 --- [    Test worker] o.hibernate.jpa.internal.util.LogHelper  : HHH000204: Processing PersistenceUnitInfo [name: default]
2025-08-18 14:11:46.210  INFO 10888 --- [    Test worker] org.hibernate.Version                    : HHH000412: Hibernate ORM core version 5.6.9.Final
2025-08-18 14:11:46.384  INFO 10888 --- [    Test worker] o.hibernate.annotations.common.Version   : HCANN000001: Hibernate Commons Annotations {5.1.2.Final}
2025-08-18 14:11:46.502  INFO 10888 --- [    Test worker] com.zaxxer.hikari.HikariDataSource       : HikariPool-1 - Starting...
2025-08-18 14:11:46.787  INFO 10888 --- [    Test worker] com.zaxxer.hikari.HikariDataSource       : HikariPool-1 - Start completed.
2025-08-18 14:11:46.804  INFO 10888 --- [    Test worker] org.hibernate.dialect.Dialect            : HHH000400: Using dialect: org.hibernate.dialect.PostgreSQLDialect
2025-08-18 14:11:48.364  INFO 10888 --- [    Test worker] o.h.e.t.j.p.i.JtaPlatformInitiator       : HHH000490: Using JtaPlatform implementation: [org.hibernate.engine.transaction.jta.platform.internal.NoJtaPlatform]
2025-08-18 14:11:48.372  INFO 10888 --- [    Test worker] j.LocalContainerEntityManagerFactoryBean : Initialized JPA EntityManagerFactory for persistence unit 'default'
2025-08-18 14:11:52.546  INFO 10888 --- [    Test worker] o.s.b.a.e.web.EndpointLinksResolver      : Exposing 13 endpoint(s) beneath base path '/actuator'
2025-08-18 14:11:52.606  INFO 10888 --- [    Test worker] c.g.ambiente.AmbienteApplicationTests    : Started AmbienteApplicationTests in 10.24 seconds (JVM running for 11.854)
]]></system-out>
  <system-err><![CDATA[]]></system-err>
</testsuite>
